Watching for file changes with StatReloader
"GET / HTTP/1.1" 200 1251
"GET /static/css/bootstrap.min.css HTTP/1.1" 200 232803
"GET /static/js/bootstrap.bundle.min.js HTTP/1.1" 200 79790
Not Found: /favicon.ico
"GET /favicon.ico HTTP/1.1" 404 2808
"GET /signin/ HTTP/1.1" 200 1833
"POST /signin/ HTTP/1.1" 302 0
"GET /tasks/admin_dashboard/ HTTP/1.1" 200 1691
"GET /tasks/completed/ HTTP/1.1" 200 1719
"GET /tasks/create/ HTTP/1.1" 200 2522
C:\Users\Bened\Desktop\CRUD\tasks\views.py changed, reloading.
Watching for file changes with StatReloader
C:\Users\Bened\Desktop\CRUD\tasks\urls.py changed, reloading.
Watching for file changes with StatReloader
"GET /tasks/create/ HTTP/1.1" 200 2664
"GET /tasks/admin/directivo/ HTTP/1.1" 200 8199
Method Not Allowed (GET): /usuarios/directivo/eliminar/6/
"GET /usuarios/directivo/eliminar/6/ HTTP/1.1" 405 0
Method Not Allowed (GET): /usuarios/directivo/eliminar/6/
"GET /usuarios/directivo/eliminar/6/ HTTP/1.1" 405 0
Method Not Allowed (GET): /usuarios/directivo/eliminar/6/
"GET /usuarios/directivo/eliminar/6/ HTTP/1.1" 405 0
"GET / HTTP/1.1" 200 1251
Not Found: /favicon.ico
"GET /favicon.ico HTTP/1.1" 404 2808
"GET /signin/ HTTP/1.1" 200 1833
"GET /static/css/bootstrap.min.css HTTP/1.1" 200 232803
"GET /static/js/bootstrap.bundle.min.js HTTP/1.1" 200 79790
"POST /signin/ HTTP/1.1" 302 0
"GET /tasks/admin_dashboard/ HTTP/1.1" 200 1833
"GET /tasks/admin/directivo/ HTTP/1.1" 200 8199
Method Not Allowed (GET): /usuarios/directivo/eliminar/6/
"GET /usuarios/directivo/eliminar/6/ HTTP/1.1" 405 0
C:\Users\Bened\Desktop\CRUD\tasks\views.py changed, reloading.
Watching for file changes with StatReloader
C:\Users\Bened\Desktop\CRUD\tasks\views.py changed, reloading.
Watching for file changes with StatReloader
C:\Users\Bened\Desktop\CRUD\tasks\views.py changed, reloading.
Watching for file changes with StatReloader
C:\Users\Bened\Desktop\CRUD\tasks\views.py changed, reloading.
Watching for file changes with StatReloader
C:\Users\Bened\Desktop\CRUD\tasks\views.py changed, reloading.
Watching for file changes with StatReloader
C:\Users\Bened\Desktop\CRUD\tasks\views.py changed, reloading.
Watching for file changes with StatReloader
C:\Users\Bened\Desktop\CRUD\tasks\urls.py changed, reloading.
Watching for file changes with StatReloader
C:\Users\Bened\Desktop\CRUD\tasks\urls.py changed, reloading.
Watching for file changes with StatReloader
Internal Server Error: /tasks/admin_dashboard/
Traceback (most recent call last):
  File "C:\Users\Bened\Desktop\CRUD\.venv\Lib\site-packages\django\core\handlers\exception.py", line 55, in inner
    response = get_response(request)
               ^^^^^^^^^^^^^^^^^^^^^
  File "C:\Users\Bened\Desktop\CRUD\.venv\Lib\site-packages\django\core\handlers\base.py", line 197, in _get_response
    response = wrapped_callback(request, *callback_args, **callback_kwargs)
               ^^^^^^^^^^^^^^^^^^^^^^^^^^^^^^^^^^^^^^^^^^^^^^^^^^^^^^^^^^^^
  File "C:\Users\Bened\Desktop\CRUD\.venv\Lib\site-packages\django\contrib\auth\decorators.py", line 23, in _wrapped_view
    return view_func(request, *args, **kwargs)
           ^^^^^^^^^^^^^^^^^^^^^^^^^^^^^^^^^^^
  File "C:\Users\Bened\Desktop\CRUD\tasks\views.py", line 101, in admin_dashboard
    return render(request, 'base.html')
           ^^^^^^^^^^^^^^^^^^^^^^^^^^^^
  File "C:\Users\Bened\Desktop\CRUD\.venv\Lib\site-packages\django\shortcuts.py", line 24, in render
    content = loader.render_to_string(template_name, context, request, using=using)
              ^^^^^^^^^^^^^^^^^^^^^^^^^^^^^^^^^^^^^^^^^^^^^^^^^^^^^^^^^^^^^^^^^^^^^
  File "C:\Users\Bened\Desktop\CRUD\.venv\Lib\site-packages\django\template\loader.py", line 62, in render_to_string
    return template.render(context, request)
           ^^^^^^^^^^^^^^^^^^^^^^^^^^^^^^^^^
  File "C:\Users\Bened\Desktop\CRUD\.venv\Lib\site-packages\django\template\backends\django.py", line 62, in render
    return self.template.render(context)
           ^^^^^^^^^^^^^^^^^^^^^^^^^^^^^
  File "C:\Users\Bened\Desktop\CRUD\.venv\Lib\site-packages\django\template\base.py", line 175, in render
    return self._render(context)
           ^^^^^^^^^^^^^^^^^^^^^
  File "C:\Users\Bened\Desktop\CRUD\.venv\Lib\site-packages\django\template\base.py", line 167, in _render
    return self.nodelist.render(context)
           ^^^^^^^^^^^^^^^^^^^^^^^^^^^^^
  File "C:\Users\Bened\Desktop\CRUD\.venv\Lib\site-packages\django\template\base.py", line 1005, in render
    return SafeString("".join([node.render_annotated(context) for node in self]))
                               ^^^^^^^^^^^^^^^^^^^^^^^^^^^^^^
  File "C:\Users\Bened\Desktop\CRUD\.venv\Lib\site-packages\django\template\base.py", line 966, in render_annotated
    return self.render(context)
           ^^^^^^^^^^^^^^^^^^^^
  File "C:\Users\Bened\Desktop\CRUD\.venv\Lib\site-packages\django\template\loader_tags.py", line 208, in render
    return template.render(context)
           ^^^^^^^^^^^^^^^^^^^^^^^^
  File "C:\Users\Bened\Desktop\CRUD\.venv\Lib\site-packages\django\template\base.py", line 177, in render
    return self._render(context)
           ^^^^^^^^^^^^^^^^^^^^^
  File "C:\Users\Bened\Desktop\CRUD\.venv\Lib\site-packages\django\template\base.py", line 167, in _render
    return self.nodelist.render(context)
           ^^^^^^^^^^^^^^^^^^^^^^^^^^^^^
  File "C:\Users\Bened\Desktop\CRUD\.venv\Lib\site-packages\django\template\base.py", line 1005, in render
    return SafeString("".join([node.render_annotated(context) for node in self]))
                               ^^^^^^^^^^^^^^^^^^^^^^^^^^^^^^
  File "C:\Users\Bened\Desktop\CRUD\.venv\Lib\site-packages\django\template\base.py", line 966, in render_annotated
    return self.render(context)
           ^^^^^^^^^^^^^^^^^^^^
  File "C:\Users\Bened\Desktop\CRUD\.venv\Lib\site-packages\django\template\defaulttags.py", line 322, in render
    return nodelist.render(context)
           ^^^^^^^^^^^^^^^^^^^^^^^^
  File "C:\Users\Bened\Desktop\CRUD\.venv\Lib\site-packages\django\template\base.py", line 1005, in render
    return SafeString("".join([node.render_annotated(context) for node in self]))
                               ^^^^^^^^^^^^^^^^^^^^^^^^^^^^^^
  File "C:\Users\Bened\Desktop\CRUD\.venv\Lib\site-packages\django\template\base.py", line 966, in render_annotated
    return self.render(context)
           ^^^^^^^^^^^^^^^^^^^^
  File "C:\Users\Bened\Desktop\CRUD\.venv\Lib\site-packages\django\template\defaulttags.py", line 322, in render
    return nodelist.render(context)
           ^^^^^^^^^^^^^^^^^^^^^^^^
  File "C:\Users\Bened\Desktop\CRUD\.venv\Lib\site-packages\django\template\base.py", line 1005, in render
    return SafeString("".join([node.render_annotated(context) for node in self]))
                               ^^^^^^^^^^^^^^^^^^^^^^^^^^^^^^
  File "C:\Users\Bened\Desktop\CRUD\.venv\Lib\site-packages\django\template\base.py", line 966, in render_annotated
    return self.render(context)
           ^^^^^^^^^^^^^^^^^^^^
  File "C:\Users\Bened\Desktop\CRUD\.venv\Lib\site-packages\django\template\defaulttags.py", line 472, in render
    url = reverse(view_name, args=args, kwargs=kwargs, current_app=current_app)
          ^^^^^^^^^^^^^^^^^^^^^^^^^^^^^^^^^^^^^^^^^^^^^^^^^^^^^^^^^^^^^^^^^^^^^
  File "C:\Users\Bened\Desktop\CRUD\.venv\Lib\site-packages\django\urls\base.py", line 88, in reverse
    return resolver._reverse_with_prefix(view, prefix, *args, **kwargs)
           ^^^^^^^^^^^^^^^^^^^^^^^^^^^^^^^^^^^^^^^^^^^^^^^^^^^^^^^^^^^^
  File "C:\Users\Bened\Desktop\CRUD\.venv\Lib\site-packages\django\urls\resolvers.py", line 803, in _reverse_with_prefix
    raise NoReverseMatch(msg)
django.urls.exceptions.NoReverseMatch: Reverse for 'delete_task' with arguments '('',)' not found. 1 pattern(s) tried: ['tasks/(?P<task_id>[0-9]+)/delete/\\Z']
"GET /tasks/admin_dashboard/ HTTP/1.1" 500 176402
"GET / HTTP/1.1" 200 1251
Not Found: /favicon.ico
"GET /favicon.ico HTTP/1.1" 404 2808
"GET /signin/ HTTP/1.1" 200 1833
"POST /signin/ HTTP/1.1" 302 0
"GET /tasks/admin_dashboard/ HTTP/1.1" 200 1929
"GET /tasks/eliminar_directivo/ HTTP/1.1" 200 14533
"GET / HTTP/1.1" 200 1974
"GET /tasks/eliminar_directivo/ HTTP/1.1" 200 14533
"POST /usuarios/directivo/eliminar/6/ HTTP/1.1" 302 0
"GET /usuarios/directivo/historial-acuerdos/ HTTP/1.1" 200 1671
"GET /static/css/historial.css HTTP/1.1" 200 2074
"GET /usuarios/directivo/historial-acuerdos/ HTTP/1.1" 200 1671
"GET /tasks/eliminar_directivo/ HTTP/1.1" 200 13752
"GET /tasks/eliminar_directivo/ HTTP/1.1" 200 13752
"GET / HTTP/1.1" 200 1974
"GET /tasks/eliminar_directivo/ HTTP/1.1" 200 13752
"POST /tasks/eliminar_directivo/nota/1/ HTTP/1.1" 302 0
"GET /tasks/eliminar_directivo/ HTTP/1.1" 200 13008
"GET / HTTP/1.1" 200 1974
"GET /logout/ HTTP/1.1" 302 0
"GET / HTTP/1.1" 200 1251
"GET /signin/ HTTP/1.1" 200 1833
"POST /signin/ HTTP/1.1" 302 0
"GET /usuarios/menu/ HTTP/1.1" 200 1095
"GET /static/css/menu.css HTTP/1.1" 200 2203
"GET /static/img/cfe.jpg HTTP/1.1" 200 445919
"GET /usuarios/directivo/ HTTP/1.1" 200 6319
"GET /static/css/base.css HTTP/1.1" 200 0
"GET /static/css/encabezado.css HTTP/1.1" 200 3806
"GET /static/css/informacion.css HTTP/1.1" 200 922
"GET /static/css/integrantes.css HTTP/1.1" 200 6182
"GET /static/css/desarrollo_directivo.css HTTP/1.1" 200 7376
"GET /static/js/cronometro_directivo.js HTTP/1.1" 200 2315
"GET /static/js/crear_acuerdo_directivo.js HTTP/1.1" 200 1873
"GET /static/js/notas_directivo.js HTTP/1.1" 200 4240
"GET /static/js/integrantes_directivo.js HTTP/1.1" 200 3204
"GET /usuarios/directivo/descarga/ HTTP/1.1" 200 11990
"GET /static/css/descarga_directivo.css HTTP/1.1" 200 11398
"GET /static/js/integrantes.js HTTP/1.1" 200 3161
"GET /logout/ HTTP/1.1" 302 0
"GET / HTTP/1.1" 200 1251
"GET /signin/ HTTP/1.1" 200 1833
"POST /signin/ HTTP/1.1" 302 0
"GET /tasks/admin_dashboard/ HTTP/1.1" 200 1929
"GET /tasks/eliminar_directivo/ HTTP/1.1" 200 13008
"POST /tasks/eliminar_directivo/nota/15/ HTTP/1.1" 302 0
"GET /tasks/eliminar_directivo/ HTTP/1.1" 200 12254
"POST /tasks/eliminar_directivo/nota/14/ HTTP/1.1" 302 0
"GET /tasks/eliminar_directivo/ HTTP/1.1" 200 11494
"POST /tasks/eliminar_directivo/nota/13/ HTTP/1.1" 302 0
"GET /tasks/eliminar_directivo/ HTTP/1.1" 200 10744
"POST /tasks/eliminar_directivo/nota/12/ HTTP/1.1" 302 0
"GET /tasks/eliminar_directivo/ HTTP/1.1" 200 10001
"POST /tasks/eliminar_directivo/nota/11/ HTTP/1.1" 302 0
"GET /tasks/eliminar_directivo/ HTTP/1.1" 200 9260
"POST /tasks/eliminar_directivo/nota/7/ HTTP/1.1" 302 0
"GET /tasks/eliminar_directivo/ HTTP/1.1" 200 8515
"POST /tasks/eliminar_directivo/nota/8/ HTTP/1.1" 302 0
"GET /tasks/eliminar_directivo/ HTTP/1.1" 200 7763
"POST /tasks/eliminar_directivo/nota/10/ HTTP/1.1" 302 0
"GET /tasks/eliminar_directivo/ HTTP/1.1" 200 7005
"POST /tasks/eliminar_directivo/nota/9/ HTTP/1.1" 302 0
"GET /tasks/eliminar_directivo/ HTTP/1.1" 200 6243
"POST /tasks/eliminar_directivo/nota/6/ HTTP/1.1" 302 0
"GET /tasks/eliminar_directivo/ HTTP/1.1" 200 5497
"POST /tasks/eliminar_directivo/nota/5/ HTTP/1.1" 302 0
"GET /tasks/eliminar_directivo/ HTTP/1.1" 200 4738
"POST /tasks/eliminar_directivo/nota/3/ HTTP/1.1" 302 0
"GET /tasks/eliminar_directivo/ HTTP/1.1" 200 3985
"POST /tasks/eliminar_directivo/nota/4/ HTTP/1.1" 302 0
"GET /tasks/eliminar_directivo/ HTTP/1.1" 200 3222
"POST /tasks/eliminar_directivo/nota/2/ HTTP/1.1" 302 0
"GET /tasks/eliminar_directivo/ HTTP/1.1" 200 2549
"GET / HTTP/1.1" 200 1974
"GET /logout/ HTTP/1.1" 302 0
"GET / HTTP/1.1" 200 1251
"GET /signin/ HTTP/1.1" 200 1833
"POST /signin/ HTTP/1.1" 302 0
"GET /usuarios/menu/ HTTP/1.1" 200 1095
"GET /usuarios/directivo/ HTTP/1.1" 200 6319
"GET /usuarios/directivo/descarga/ HTTP/1.1" 200 7447
"GET /usuarios/directivo/descarga/?fecha_filtro=hoy HTTP/1.1" 200 7447
"GET /usuarios/directivo/descarga/?fecha_filtro=todos HTTP/1.1" 200 7447
"GET /logout/ HTTP/1.1" 302 0
"GET / HTTP/1.1" 200 1251
